1678763912146	geckodriver	INFO	Listening on 127.0.0.1:49483
1678763915186	mozrunner::runner	INFO	Running command: "C:\\Program Files\\Mozilla Firefox\\firefox.exe" "--marionette" "--remote-debugging-port" "49484" "--remote-allow-hosts" "localhost" "-no-remote" "-profile" "C:\\Users\\Errol\\AppData\\Local\\Temp\\rust_mozprofilexWHtch"
console.warn: services.settings: Ignoring preference override of remote settings server
console.warn: services.settings: Allow by setting MOZ_REMOTE_SETTINGS_DEVTOOLS=1 in the environment
1678763915677	Marionette	INFO	Marionette enabled
Dynamically enable window occlusion 0
1678763915696	Marionette	INFO	Listening on port 49491
Read port: 49491
WebDriver BiDi listening on ws://127.0.0.1:49484
1678763915876	RemoteAgent	WARN	TLS certificate errors will be ignored for this session
console.warn: SearchSettings: "get: No settings file exists, new profile?" (new NotFoundError("Could not open the file at C:\\Users\\Errol\\AppData\\Local\\Temp\\rust_mozprofilexWHtch\\search.json.mozlz4", (void 0)))
DevTools listening on ws://127.0.0.1:49484/devtools/browser/ac327ae5-986a-4442-af18-f3409a28ee16
[Parent 14648, IPC I/O Parent] WARNING: DuplicateHandle failed for handle 0 in TransferHandles: file /builds/worker/checkouts/gecko/ipc/chromium/src/chrome/common/ipc_channel_win.cc:777
1678763933794	Marionette	INFO	Stopped listening on port 49491
Dynamically enable window occlusion 1
WARNING: A blocker encountered an error while we were waiting.
          Blocker:  Waiting for ping task
          Phase: TelemetryController: Waiting for pending ping activity
          State: (none)
WARNING: Error: Phase "profile-before-change" is finished, it is too late to register completion condition "OS.File: flush I/O queued before profileBeforeChange"
WARNING: addBlocker@resource://gre/modules/AsyncShutdown.sys.mjs:727:15
addBlocker@resource://gre/modules/AsyncShutdown.sys.mjs:523:26
addBlocker@resource://gre/modules/AsyncShutdown.sys.mjs:458:15
setupShutdown@resource://gre/modules/osfile/osfile_async_front.jsm:1548:28
@resource://gre/modules/osfile/osfile_async_front.jsm:1568:16
@resource://gre/modules/osfile.jsm:12:30
@resource://gre/modules/TelemetryStorage.sys.mjs:10:28
_checkPendingPings@resource://gre/modules/TelemetrySend.sys.mjs:863:17
setup@resource://gre/modules/TelemetrySend.sys.mjs:803:18
setup@resource://gre/modules/TelemetrySend.sys.mjs:241:30
setupTelemetry/this._delayedInitTask<@resource://gre/modules/TelemetryControllerParent.sys.mjs:829:36
observe@resource://gre/modules/AsyncShutdown.sys.mjs:576:16

WARNING: A blocker encountered an error while we were waiting.
          Blocker:  Waiting for ping task
          Phase: TelemetryController: Waiting for pending ping activity
          State: (none)
WARNING: Error: Phase "profile-before-change" is finished, it is too late to register completion condition "OS.File: flush I/O queued before profileBeforeChange"
WARNING: addBlocker@resource://gre/modules/AsyncShutdown.sys.mjs:727:15
addBlocker@resource://gre/modules/AsyncShutdown.sys.mjs:523:26
addBlocker@resource://gre/modules/AsyncShutdown.sys.mjs:458:15
setupShutdown@resource://gre/modules/osfile/osfile_async_front.jsm:1548:28
@resource://gre/modules/osfile/osfile_async_front.jsm:1568:16
@resource://gre/modules/osfile.jsm:12:30
@resource://gre/modules/TelemetryStorage.sys.mjs:10:28
_checkPendingPings@resource://gre/modules/TelemetrySend.sys.mjs:863:17
setup@resource://gre/modules/TelemetrySend.sys.mjs:803:18
setup@resource://gre/modules/TelemetrySend.sys.mjs:241:30
setupTelemetry/this._delayedInitTask<@resource://gre/modules/TelemetryControllerParent.sys.mjs:829:36
observe@resource://gre/modules/AsyncShutdown.sys.mjs:576:16

WARNING: A blocker encountered an error while we were waiting.
          Blocker:  Waiting for ping task
          Phase: TelemetryController: Waiting for pending ping activity
          State: (none)
WARNING: Error: Phase "profile-before-change" is finished, it is too late to register completion condition "OS.File: flush I/O queued before profileBeforeChange"
WARNING: addBlocker@resource://gre/modules/AsyncShutdown.sys.mjs:727:15
addBlocker@resource://gre/modules/AsyncShutdown.sys.mjs:523:26
addBlocker@resource://gre/modules/AsyncShutdown.sys.mjs:458:15
setupShutdown@resource://gre/modules/osfile/osfile_async_front.jsm:1548:28
@resource://gre/modules/osfile/osfile_async_front.jsm:1568:16
@resource://gre/modules/osfile.jsm:12:30
@resource://gre/modules/TelemetryStorage.sys.mjs:10:28
_checkPendingPings@resource://gre/modules/TelemetrySend.sys.mjs:863:17
setup@resource://gre/modules/TelemetrySend.sys.mjs:803:18
setup@resource://gre/modules/TelemetrySend.sys.mjs:241:30
setupTelemetry/this._delayedInitTask<@resource://gre/modules/TelemetryControllerParent.sys.mjs:829:36
observe@resource://gre/modules/AsyncShutdown.sys.mjs:576:16

WARNING: A blocker encountered an error while we were waiting.
          Blocker:  TelemetryController: shutting down
          Phase: profile-before-change-telemetry
          State: Error getting state: Error: Phase "profile-before-change" is finished, it is too late to register completion condition "OS.File: flush I/O queued before profileBeforeChange" at addBlocker@resource://gre/modules/AsyncShutdown.sys.mjs:727:15
addBlocker@resource://gre/modules/AsyncShutdown.sys.mjs:523:26
addBlocker@resource://gre/modules/AsyncShutdown.sys.mjs:458:15
setupShutdown@resource://gre/modules/osfile/osfile_async_front.jsm:1548:28
@resource://gre/modules/osfile/osfile_async_front.jsm:1568:16
@resource://gre/modules/osfile.jsm:12:30
@resource://gre/modules/TelemetryStorage.sys.mjs:10:28
_checkPendingPings@resource://gre/modules/TelemetrySend.sys.mjs:863:17
setup@resource://gre/modules/TelemetrySend.sys.mjs:803:18
setup@resource://gre/modules/TelemetrySend.sys.mjs:241:30
setupTelemetry/this._delayedInitTask<@resource://gre/modules/TelemetryControllerParent.sys.mjs:829:36
observe@resource://gre/modules/AsyncShutdown.sys.mjs:576:16

WARNING: Error: Phase "profile-before-change" is finished, it is too late to register completion condition "OS.File: flush I/O queued before profileBeforeChange"
WARNING: addBlocker@resource://gre/modules/AsyncShutdown.sys.mjs:727:15
addBlocker@resource://gre/modules/AsyncShutdown.sys.mjs:523:26
addBlocker@resource://gre/modules/AsyncShutdown.sys.mjs:458:15
setupShutdown@resource://gre/modules/osfile/osfile_async_front.jsm:1548:28
@resource://gre/modules/osfile/osfile_async_front.jsm:1568:16
@resource://gre/modules/osfile.jsm:12:30
@resource://gre/modules/TelemetryStorage.sys.mjs:10:28
_checkPendingPings@resource://gre/modules/TelemetrySend.sys.mjs:863:17
setup@resource://gre/modules/TelemetrySend.sys.mjs:803:18
setup@resource://gre/modules/TelemetrySend.sys.mjs:241:30
setupTelemetry/this._delayedInitTask<@resource://gre/modules/TelemetryControllerParent.sys.mjs:829:36
observe@resource://gre/modules/AsyncShutdown.sys.mjs:576:16

JavaScript error: resource://gre/modules/AsyncShutdown.sys.mjs, line 727: Error: Phase "profile-before-change" is finished, it is too late to register completion condition "OS.File: flush I/O queued before profileBeforeChange"
JavaScript error: resource://gre/modules/AsyncShutdown.sys.mjs, line 727: Error: Phase "profile-before-change" is finished, it is too late to register completion condition "OS.File: flush I/O queued before profileBeforeChange"
JavaScript error: resource://gre/modules/AsyncShutdown.sys.mjs, line 727: Error: Phase "profile-before-change" is finished, it is too late to register completion condition "OS.File: flush I/O queued before profileBeforeChange"
JavaScript error: resource://gre/modules/AsyncShutdown.sys.mjs, line 727: Error: Phase "profile-before-change" is finished, it is too late to register completion condition "OS.File: flush I/O queued before profileBeforeChange"
JavaScript error: resource://gre/modules/AsyncShutdown.sys.mjs, line 727: Error: Phase "profile-before-change" is finished, it is too late to register completion condition "OS.File: flush I/O queued before profileBeforeChange"
JavaScript error: resource://gre/modules/AsyncShutdown.sys.mjs, line 727: Error: Phase "profile-before-change" is finished, it is too late to register completion condition "OS.File: flush I/O queued before profileBeforeChange"
1678764182143	geckodriver	INFO	Listening on 127.0.0.1:49540
1678764185152	mozrunner::runner	INFO	Running command: "C:\\Program Files\\Mozilla Firefox\\firefox.exe" "--marionette" "--remote-debugging-port" "49541" "--remote-allow-hosts" "localhost" "-no-remote" "-profile" "C:\\Users\\Errol\\AppData\\Local\\Temp\\rust_mozprofilenUGt9E"
console.warn: services.settings: Ignoring preference override of remote settings server
console.warn: services.settings: Allow by setting MOZ_REMOTE_SETTINGS_DEVTOOLS=1 in the environment
1678764185582	Marionette	INFO	Marionette enabled
Dynamically enable window occlusion 0
1678764185599	Marionette	INFO	Listening on port 49548
WebDriver BiDi listening on ws://127.0.0.1:49541
Read port: 49548
1678764185989	RemoteAgent	WARN	TLS certificate errors will be ignored for this session
console.warn: SearchSettings: "get: No settings file exists, new profile?" (new NotFoundError("Could not open the file at C:\\Users\\Errol\\AppData\\Local\\Temp\\rust_mozprofilenUGt9E\\search.json.mozlz4", (void 0)))
DevTools listening on ws://127.0.0.1:49541/devtools/browser/d1d5eb61-9599-4264-9815-04dace3f1e5d
1678764220898	Marionette	INFO	Stopped listening on port 49548
Dynamically enable window occlusion 1
!!! error running onStopped callback: TypeError: callback is not a function
WARNING: A blocker encountered an error while we were waiting.
          Blocker:  Waiting for ping task
          Phase: TelemetryController: Waiting for pending ping activity
          State: (none)
WARNING: Error: Phase "profile-before-change" is finished, it is too late to register completion condition "OS.File: flush I/O queued before profileBeforeChange"
WARNING: addBlocker@resource://gre/modules/AsyncShutdown.sys.mjs:727:15
addBlocker@resource://gre/modules/AsyncShutdown.sys.mjs:523:26
addBlocker@resource://gre/modules/AsyncShutdown.sys.mjs:458:15
setupShutdown@resource://gre/modules/osfile/osfile_async_front.jsm:1548:28
@resource://gre/modules/osfile/osfile_async_front.jsm:1568:16
@resource://gre/modules/osfile.jsm:12:30
@resource://gre/modules/TelemetryStorage.sys.mjs:10:28
_checkPendingPings@resource://gre/modules/TelemetrySend.sys.mjs:863:17
setup@resource://gre/modules/TelemetrySend.sys.mjs:803:18
setup@resource://gre/modules/TelemetrySend.sys.mjs:241:30
setupTelemetry/this._delayedInitTask<@resource://gre/modules/TelemetryControllerParent.sys.mjs:829:36
observe@resource://gre/modules/AsyncShutdown.sys.mjs:576:16

WARNING: A blocker encountered an error while we were waiting.
          Blocker:  Waiting for ping task
          Phase: TelemetryController: Waiting for pending ping activity
          State: (none)
WARNING: Error: Phase "profile-before-change" is finished, it is too late to register completion condition "OS.File: flush I/O queued before profileBeforeChange"
WARNING: addBlocker@resource://gre/modules/AsyncShutdown.sys.mjs:727:15
addBlocker@resource://gre/modules/AsyncShutdown.sys.mjs:523:26
addBlocker@resource://gre/modules/AsyncShutdown.sys.mjs:458:15
setupShutdown@resource://gre/modules/osfile/osfile_async_front.jsm:1548:28
@resource://gre/modules/osfile/osfile_async_front.jsm:1568:16
@resource://gre/modules/osfile.jsm:12:30
@resource://gre/modules/TelemetryStorage.sys.mjs:10:28
_checkPendingPings@resource://gre/modules/TelemetrySend.sys.mjs:863:17
setup@resource://gre/modules/TelemetrySend.sys.mjs:803:18
setup@resource://gre/modules/TelemetrySend.sys.mjs:241:30
setupTelemetry/this._delayedInitTask<@resource://gre/modules/TelemetryControllerParent.sys.mjs:829:36
observe@resource://gre/modules/AsyncShutdown.sys.mjs:576:16

WARNING: A blocker encountered an error while we were waiting.
          Blocker:  Waiting for ping task
          Phase: TelemetryController: Waiting for pending ping activity
          State: (none)
WARNING: Error: Phase "profile-before-change" is finished, it is too late to register completion condition "OS.File: flush I/O queued before profileBeforeChange"
WARNING: addBlocker@resource://gre/modules/AsyncShutdown.sys.mjs:727:15
addBlocker@resource://gre/modules/AsyncShutdown.sys.mjs:523:26
addBlocker@resource://gre/modules/AsyncShutdown.sys.mjs:458:15
setupShutdown@resource://gre/modules/osfile/osfile_async_front.jsm:1548:28
@resource://gre/modules/osfile/osfile_async_front.jsm:1568:16
@resource://gre/modules/osfile.jsm:12:30
@resource://gre/modules/TelemetryStorage.sys.mjs:10:28
_checkPendingPings@resource://gre/modules/TelemetrySend.sys.mjs:863:17
setup@resource://gre/modules/TelemetrySend.sys.mjs:803:18
setup@resource://gre/modules/TelemetrySend.sys.mjs:241:30
setupTelemetry/this._delayedInitTask<@resource://gre/modules/TelemetryControllerParent.sys.mjs:829:36
observe@resource://gre/modules/AsyncShutdown.sys.mjs:576:16

WARNING: A blocker encountered an error while we were waiting.
          Blocker:  TelemetryController: shutting down
          Phase: profile-before-change-telemetry
          State: Error getting state: Error: Phase "profile-before-change" is finished, it is too late to register completion condition "OS.File: flush I/O queued before profileBeforeChange" at addBlocker@resource://gre/modules/AsyncShutdown.sys.mjs:727:15
addBlocker@resource://gre/modules/AsyncShutdown.sys.mjs:523:26
addBlocker@resource://gre/modules/AsyncShutdown.sys.mjs:458:15
setupShutdown@resource://gre/modules/osfile/osfile_async_front.jsm:1548:28
@resource://gre/modules/osfile/osfile_async_front.jsm:1568:16
@resource://gre/modules/osfile.jsm:12:30
@resource://gre/modules/TelemetryStorage.sys.mjs:10:28
_checkPendingPings@resource://gre/modules/TelemetrySend.sys.mjs:863:17
setup@resource://gre/modules/TelemetrySend.sys.mjs:803:18
setup@resource://gre/modules/TelemetrySend.sys.mjs:241:30
setupTelemetry/this._delayedInitTask<@resource://gre/modules/TelemetryControllerParent.sys.mjs:829:36
observe@resource://gre/modules/AsyncShutdown.sys.mjs:576:16

WARNING: Error: Phase "profile-before-change" is finished, it is too late to register completion condition "OS.File: flush I/O queued before profileBeforeChange"
WARNING: addBlocker@resource://gre/modules/AsyncShutdown.sys.mjs:727:15
addBlocker@resource://gre/modules/AsyncShutdown.sys.mjs:523:26
addBlocker@resource://gre/modules/AsyncShutdown.sys.mjs:458:15
setupShutdown@resource://gre/modules/osfile/osfile_async_front.jsm:1548:28
@resource://gre/modules/osfile/osfile_async_front.jsm:1568:16
@resource://gre/modules/osfile.jsm:12:30
@resource://gre/modules/TelemetryStorage.sys.mjs:10:28
_checkPendingPings@resource://gre/modules/TelemetrySend.sys.mjs:863:17
setup@resource://gre/modules/TelemetrySend.sys.mjs:803:18
setup@resource://gre/modules/TelemetrySend.sys.mjs:241:30
setupTelemetry/this._delayedInitTask<@resource://gre/modules/TelemetryControllerParent.sys.mjs:829:36
observe@resource://gre/modules/AsyncShutdown.sys.mjs:576:16

JavaScript error: resource://gre/modules/AsyncShutdown.sys.mjs, line 727: Error: Phase "profile-before-change" is finished, it is too late to register completion condition "OS.File: flush I/O queued before profileBeforeChange"
JavaScript error: resource://gre/modules/AsyncShutdown.sys.mjs, line 727: Error: Phase "profile-before-change" is finished, it is too late to register completion condition "OS.File: flush I/O queued before profileBeforeChange"
JavaScript error: resource://gre/modules/AsyncShutdown.sys.mjs, line 727: Error: Phase "profile-before-change" is finished, it is too late to register completion condition "OS.File: flush I/O queued before profileBeforeChange"
JavaScript error: resource://gre/modules/AsyncShutdown.sys.mjs, line 727: Error: Phase "profile-before-change" is finished, it is too late to register completion condition "OS.File: flush I/O queued before profileBeforeChange"
JavaScript error: resource://gre/modules/AsyncShutdown.sys.mjs, line 727: Error: Phase "profile-before-change" is finished, it is too late to register completion condition "OS.File: flush I/O queued before profileBeforeChange"
JavaScript error: resource://gre/modules/AsyncShutdown.sys.mjs, line 727: Error: Phase "profile-before-change" is finished, it is too late to register completion condition "OS.File: flush I/O queued before profileBeforeChange"
1678764312864	geckodriver	INFO	Listening on 127.0.0.1:49604
1678764315874	mozrunner::runner	INFO	Running command: "C:\\Program Files\\Mozilla Firefox\\firefox.exe" "--marionette" "--remote-debugging-port" "49605" "--remote-allow-hosts" "localhost" "-no-remote" "-profile" "C:\\Users\\Errol\\AppData\\Local\\Temp\\rust_mozprofilereXX2f"
console.warn: services.settings: Ignoring preference override of remote settings server
console.warn: services.settings: Allow by setting MOZ_REMOTE_SETTINGS_DEVTOOLS=1 in the environment
1678764316294	Marionette	INFO	Marionette enabled
Dynamically enable window occlusion 0
1678764316299	Marionette	INFO	Listening on port 49612
Read port: 49612
WebDriver BiDi listening on ws://127.0.0.1:49605
1678764316422	RemoteAgent	WARN	TLS certificate errors will be ignored for this session
console.warn: SearchSettings: "get: No settings file exists, new profile?" (new NotFoundError("Could not open the file at C:\\Users\\Errol\\AppData\\Local\\Temp\\rust_mozprofilereXX2f\\search.json.mozlz4", (void 0)))
DevTools listening on ws://127.0.0.1:49605/devtools/browser/e9694b8e-804a-41f7-a054-0d474c281bf7
JavaScript error: , line 0: NS_ERROR_NOT_AVAILABLE
1678765076203	Marionette	INFO	Stopped listening on port 49612
Dynamically enable window occlusion 1
efox.exe" "--marionette" "--remote-debugging-port" "49714" "--remote-allow-hosts" "localhost" "-no-remote" "-profile" "C:\\Users\\Errol\\AppData\\Local\\Temp\\rust_mozprofileEQJGn0"
console.warn: services.settings: Ignoring preference override of remote settings server
console.warn: services.settings: Allow by setting MOZ_REMOTE_SETTINGS_DEVTOOLS=1 in the environment
1678764482305	Marionette	INFO	Marionette enabled
Dynamically enable window occlusion 0
1678764482310	Marionette	INFO	Listening on port 49721
Read port: 49721
WebDriver BiDi listening on ws://127.0.0.1:49714
1678764482493	RemoteAgent	WARN	TLS certificate errors will be ignored for this session
console.warn: SearchSettings: "get: No settings file exists, new profile?" (new NotFoundError("Could not open the file at C:\\Users\\Errol\\AppData\\Local\\Temp\\rust_mozprofileEQJGn0\\search.json.mozlz4", (void 0)))
DevTools listening on ws://127.0.0.1:49714/devtools/browser/b8f007a6-de1f-4486-a816-3698ef9088f7
1678765076912	Marionette	INFO	Stopped listening on port 49721
Dynamically enable window occlusion 1
ng command: "C:\\Program Files\\Mozilla Firefox\\firefox.exe" "--marionette" "--remote-debugging-port" "49861" "--remote-allow-hosts" "localhost" "-no-remote" "-profile" "C:\\Users\\Errol\\AppData\\Local\\Temp\\rust_mozprofile4Uxy4d"
console.warn: services.settings: Ignoring preference override of remote settings server
console.warn: services.settings: Allow by setting MOZ_REMOTE_SETTINGS_DEVTOOLS=1 in the environment
1678764763116	Marionette	INFO	Marionette enabled
Dynamically enable window occlusion 0
1678764763122	Marionette	INFO	Listening on port 49871
WebDriver BiDi listening on ws://127.0.0.1:49861
Read port: 49871
1678764763550	RemoteAgent	WARN	TLS certificate errors will be ignored for this session
console.warn: SearchSettings: "get: No settings file exists, new profile?" (new NotFoundError("Could not open the file at C:\\Users\\Errol\\AppData\\Local\\Temp\\rust_mozprofile4Uxy4d\\search.json.mozlz4", (void 0)))
DevTools listening on ws://127.0.0.1:49861/devtools/browser/2b6f328a-7084-4143-b827-cd87167c7b48
1678765077495	Marionette	INFO	Stopped listening on port 49871
Dynamically enable window occlusion 1
ng command: "C:\\Program Files\\Mozilla Firefox\\firefox.exe" "--marionette" "--remote-debugging-port" "49923" "--remote-allow-hosts" "localhost" "-no-remote" "-profile" "C:\\Users\\Errol\\AppData\\Local\\Temp\\rust_mozprofilewVVOgq"
console.warn: services.settings: Ignoring preference override of remote settings server
console.warn: services.settings: Allow by setting MOZ_REMOTE_SETTINGS_DEVTOOLS=1 in the environment
1678764788771	Marionette	INFO	Marionette enabled
Dynamically enable window occlusion 0
1678764788779	Marionette	INFO	Listening on port 49933
Read port: 49933
WebDriver BiDi listening on ws://127.0.0.1:49923
1678764788927	RemoteAgent	WARN	TLS certificate errors will be ignored for this session
console.warn: SearchSettings: "get: No settings file exists, new profile?" (new NotFoundError("Could not open the file at C:\\Users\\Errol\\AppData\\Local\\Temp\\rust_mozprofilewVVOgq\\search.json.mozlz4", (void 0)))
DevTools listening on ws://127.0.0.1:49923/devtools/browser/4e22363a-00e7-4f5e-9636-241381d3a8d5
1678765078032	Marionette	INFO	Stopped listening on port 49933
Dynamically enable window occlusion 1
ng command: "C:\\Program Files\\Mozilla Firefox\\firefox.exe" "--marionette" "--remote-debugging-port" "50027" "--remote-allow-hosts" "localhost" "-no-remote" "-profile" "C:\\Users\\Errol\\AppData\\Local\\Temp\\rust_mozprofile6Wg4pI"
console.warn: services.settings: Ignoring preference override of remote settings server
console.warn: services.settings: Allow by setting MOZ_REMOTE_SETTINGS_DEVTOOLS=1 in the environment
1678764934872	Marionette	INFO	Marionette enabled
Dynamically enable window occlusion 0
1678764934877	Marionette	INFO	Listening on port 50034
Read port: 50034
WebDriver BiDi listening on ws://127.0.0.1:50027
1678764935020	RemoteAgent	WARN	TLS certificate errors will be ignored for this session
console.warn: SearchSettings: "get: No settings file exists, new profile?" (new NotFoundError("Could not open the file at C:\\Users\\Errol\\AppData\\Local\\Temp\\rust_mozprofile6Wg4pI\\search.json.mozlz4", (void 0)))
DevTools listening on ws://127.0.0.1:50027/devtools/browser/7b20af75-c960-49f6-8f55-04f18f4ba912
console.warn: LoginRecipes: "Falling back to a synchronous message for: https://docs.google.com."
console.warn: LoginRecipes: "Falling back to a synchronous message for: https://docs.google.com."
JavaScript error: resource://gre/modules/AsyncShutdown.sys.mjs, line 576: NotFoundError: No such JSWindowActor 'DevToolsFrame'
1678765078679	Marionette	INFO	Stopped listening on port 50034
Dynamically enable window occlusion 1
osts" "localhost" "-no-remote" "-profile" "C:\\Users\\Errol\\AppData\\Local\\Temp\\rust_mozprofile6zfwn2"
console.warn: services.settings: Ignoring preference override of remote settings server
console.warn: services.settings: Allow by setting MOZ_REMOTE_SETTINGS_DEVTOOLS=1 in the environment
1678765061433	Marionette	INFO	Marionette enabled
Dynamically enable window occlusion 0
1678765061438	Marionette	INFO	Listening on port 50102
Read port: 50102
WebDriver BiDi listening on ws://127.0.0.1:50095
1678765061562	RemoteAgent	WARN	TLS certificate errors will be ignored for this session
console.warn: SearchSettings: "get: No settings file exists, new profile?" (new NotFoundError("Could not open the file at C:\\Users\\Errol\\AppData\\Local\\Temp\\rust_mozprofile6zfwn2\\search.json.mozlz4", (void 0)))
DevTools listening on ws://127.0.0.1:50095/devtools/browser/3ef26474-7a3a-4015-8992-99239ab0e228
JavaScript error: , line 0: NS_ERROR_NOT_AVAILABLE
1678769180816	Marionette	INFO	Stopped listening on port 50102
Dynamically enable window occlusion 1
efox.exe" "--marionette" "--remote-debugging-port" "50172" "--remote-allow-hosts" "localhost" "-no-remote" "-profile" "C:\\Users\\Errol\\AppData\\Local\\Temp\\rust_mozprofileaApkwi"
console.warn: services.settings: Ignoring preference override of remote settings server
console.warn: services.settings: Allow by setting MOZ_REMOTE_SETTINGS_DEVTOOLS=1 in the environment
1678765116662	Marionette	INFO	Marionette enabled
Dynamically enable window occlusion 0
1678765116667	Marionette	INFO	Listening on port 50179
Read port: 50179
WebDriver BiDi listening on ws://127.0.0.1:50172
1678765116830	RemoteAgent	WARN	TLS certificate errors will be ignored for this session
console.warn: SearchSettings: "get: No settings file exists, new profile?" (new NotFoundError("Could not open the file at C:\\Users\\Errol\\AppData\\Local\\Temp\\rust_mozprofileaApkwi\\search.json.mozlz4", (void 0)))
DevTools listening on ws://127.0.0.1:50172/devtools/browser/971e866e-e0c7-466d-81c6-70659e5626c3
JavaScript error: , line 0: NS_ERROR_NOT_AVAILABLE
1678769179238	Marionette	INFO	Stopped listening on port 50179
Dynamically enable window occlusion 1
efox.exe" "--marionette" "--remote-debugging-port" "50269" "--remote-allow-hosts" "localhost" "-no-remote" "-profile" "C:\\Users\\Errol\\AppData\\Local\\Temp\\rust_mozprofilePyiU8m"
console.warn: services.settings: Ignoring preference override of remote settings server
console.warn: services.settings: Allow by setting MOZ_REMOTE_SETTINGS_DEVTOOLS=1 in the environment
1678765473106	Marionette	INFO	Marionette enabled
Dynamically enable window occlusion 0
1678765473115	Marionette	INFO	Listening on port 50276
Read port: 50276
WebDriver BiDi listening on ws://127.0.0.1:50269
1678765473237	RemoteAgent	WARN	TLS certificate errors will be ignored for this session
console.warn: SearchSettings: "get: No settings file exists, new profile?" (new NotFoundError("Could not open the file at C:\\Users\\Errol\\AppData\\Local\\Temp\\rust_mozprofilePyiU8m\\search.json.mozlz4", (void 0)))
DevTools listening on ws://127.0.0.1:50269/devtools/browser/229459d6-918c-4036-9faf-ab6f6eb20d33
console.warn: LoginRecipes: "Falling back to a synchronous message for: https://docs.google.com."
console.warn: LoginRecipes: "Falling back to a synchronous message for: https://docs.google.com."
console.warn: LoginRecipes: "Falling back to a synchronous message for: https://docs.google.com."
console.warn: LoginRecipes: "Falling back to a synchronous message for: https://docs.google.com."
console.warn: LoginRecipes: "Falling back to a synchronous message for: https://docs.google.com."
console.warn: LoginRecipes: "Falling back to a synchronous message for: https://docs.google.com."
JavaScript error: resource://gre/modules/AsyncShutdown.sys.mjs, line 576: NotFoundError: No such JSWindowActor 'DevToolsFrame'
1678765587521	Marionette	INFO	Stopped listening on port 50276
Dynamically enable window occlusion 1
1678765591504	geckodriver	INFO	Listening on 127.0.0.1:50362
1678765594860	mozrunner::runner	INFO	Running command: "C:\\Program Files\\Mozilla Firefox\\firefox.exe" "--marionette" "--remote-debugging-port" "50363" "--remote-allow-hosts" "localhost" "-no-remote" "-profile" "C:\\Users\\Errol\\AppData\\Local\\Temp\\rust_mozprofileXZCOqZ"
console.warn: services.settings: Ignoring preference override of remote settings server
console.warn: services.settings: Allow by setting MOZ_REMOTE_SETTINGS_DEVTOOLS=1 in the environment
1678765595233	Marionette	INFO	Marionette enabled
Dynamically enable window occlusion 0
1678765595238	Marionette	INFO	Listening on port 50370
Read port: 50370
WebDriver BiDi listening on ws://127.0.0.1:50363
1678765595391	RemoteAgent	WARN	TLS certificate errors will be ignored for this session
console.warn: SearchSettings: "get: No settings file exists, new profile?" (new NotFoundError("Could not open the file at C:\\Users\\Errol\\AppData\\Local\\Temp\\rust_mozprofileXZCOqZ\\search.json.mozlz4", (void 0)))
DevTools listening on ws://127.0.0.1:50363/devtools/browser/e50bee2a-40df-4004-bd2b-425803e65008
1678765655508	geckodriver	INFO	Listening on 127.0.0.1:50425
1678765658755	mozrunner::runner	INFO	Running command: "C:\\Program Files\\Mozilla Firefox\\firefox.exe" "--marionette" "--remote-debugging-port" "50426" "--remote-allow-hosts" "localhost" "-no-remote" "-profile" "C:\\Users\\Errol\\AppData\\Local\\Temp\\rust_mozprofileccl3cD"
console.warn: services.settings: Ignoring preference override of remote settings server
console.warn: services.settings: Allow by setting MOZ_REMOTE_SETTINGS_DEVTOOLS=1 in the environment
1678765659124	Marionette	INFO	Marionette enabled
Dynamically enable window occlusion 0
1678765659129	Marionette	INFO	Listening on port 50433
Read port: 50433
WebDriver BiDi listening on ws://127.0.0.1:50426
1678765659286	RemoteAgent	WARN	TLS certificate errors will be ignored for this session
console.warn: SearchSettings: "get: No settings file exists, new profile?" (new NotFoundError("Could not open the file at C:\\Users\\Errol\\AppData\\Local\\Temp\\rust_mozprofileccl3cD\\search.json.mozlz4", (void 0)))
DevTools listening on ws://127.0.0.1:50426/devtools/browser/bccd8c48-d25b-4d77-b98b-550b85f1438f
1678765670891	Marionette	INFO	Stopped listening on port 50433
Dynamically enable window occlusion 1
WARNING: A blocker encountered an error while we were waiting.
          Blocker:  Waiting for ping task
          Phase: TelemetryController: Waiting for pending ping activity
          State: (none)
WARNING: Error: Phase "profile-before-change" is finished, it is too late to register completion condition "OS.File: flush I/O queued before profileBeforeChange"
WARNING: addBlocker@resource://gre/modules/AsyncShutdown.sys.mjs:727:15
addBlocker@resource://gre/modules/AsyncShutdown.sys.mjs:523:26
addBlocker@resource://gre/modules/AsyncShutdown.sys.mjs:458:15
setupShutdown@resource://gre/modules/osfile/osfile_async_front.jsm:1548:28
@resource://gre/modules/osfile/osfile_async_front.jsm:1568:16
@resource://gre/modules/osfile.jsm:12:30
@resource://gre/modules/TelemetryStorage.sys.mjs:10:28
_checkPendingPings@resource://gre/modules/TelemetrySend.sys.mjs:863:17
setup@resource://gre/modules/TelemetrySend.sys.mjs:803:18
setup@resource://gre/modules/TelemetrySend.sys.mjs:241:30
setupTelemetry/this._delayedInitTask<@resource://gre/modules/TelemetryControllerParent.sys.mjs:829:36
observe@resource://gre/modules/AsyncShutdown.sys.mjs:576:16

WARNING: A blocker encountered an error while we were waiting.
          Blocker:  Waiting for ping task
          Phase: TelemetryController: Waiting for pending ping activity
          State: (none)
WARNING: Error: Phase "profile-before-change" is finished, it is too late to register completion condition "OS.File: flush I/O queued before profileBeforeChange"
WARNING: addBlocker@resource://gre/modules/AsyncShutdown.sys.mjs:727:15
addBlocker@resource://gre/modules/AsyncShutdown.sys.mjs:523:26
addBlocker@resource://gre/modules/AsyncShutdown.sys.mjs:458:15
setupShutdown@resource://gre/modules/osfile/osfile_async_front.jsm:1548:28
@resource://gre/modules/osfile/osfile_async_front.jsm:1568:16
@resource://gre/modules/osfile.jsm:12:30
@resource://gre/modules/TelemetryStorage.sys.mjs:10:28
_checkPendingPings@resource://gre/modules/TelemetrySend.sys.mjs:863:17
setup@resource://gre/modules/TelemetrySend.sys.mjs:803:18
setup@resource://gre/modules/TelemetrySend.sys.mjs:241:30
setupTelemetry/this._delayedInitTask<@resource://gre/modules/TelemetryControllerParent.sys.mjs:829:36
observe@resource://gre/modules/AsyncShutdown.sys.mjs:576:16

WARNING: A blocker encountered an error while we were waiting.
          Blocker:  Waiting for ping task
          Phase: TelemetryController: Waiting for pending ping activity
          State: (none)
WARNING: Error: Phase "profile-before-change" is finished, it is too late to register completion condition "OS.File: flush I/O queued before profileBeforeChange"
WARNING: addBlocker@resource://gre/modules/AsyncShutdown.sys.mjs:727:15
addBlocker@resource://gre/modules/AsyncShutdown.sys.mjs:523:26
addBlocker@resource://gre/modules/AsyncShutdown.sys.mjs:458:15
setupShutdown@resource://gre/modules/osfile/osfile_async_front.jsm:1548:28
@resource://gre/modules/osfile/osfile_async_front.jsm:1568:16
@resource://gre/modules/osfile.jsm:12:30
@resource://gre/modules/TelemetryStorage.sys.mjs:10:28
_checkPendingPings@resource://gre/modules/TelemetrySend.sys.mjs:863:17
setup@resource://gre/modules/TelemetrySend.sys.mjs:803:18
setup@resource://gre/modules/TelemetrySend.sys.mjs:241:30
setupTelemetry/this._delayedInitTask<@resource://gre/modules/TelemetryControllerParent.sys.mjs:829:36
observe@resource://gre/modules/AsyncShutdown.sys.mjs:576:16

WARNING: A blocker encountered an error while we were waiting.
          Blocker:  TelemetryController: shutting down
          Phase: profile-before-change-telemetry
          State: Error getting state: Error: Phase "profile-before-change" is finished, it is too late to register completion condition "OS.File: flush I/O queued before profileBeforeChange" at addBlocker@resource://gre/modules/AsyncShutdown.sys.mjs:727:15
addBlocker@resource://gre/modules/AsyncShutdown.sys.mjs:523:26
addBlocker@resource://gre/modules/AsyncShutdown.sys.mjs:458:15
setupShutdown@resource://gre/modules/osfile/osfile_async_front.jsm:1548:28
@resource://gre/modules/osfile/osfile_async_front.jsm:1568:16
@resource://gre/modules/osfile.jsm:12:30
@resource://gre/modules/TelemetryStorage.sys.mjs:10:28
_checkPendingPings@resource://gre/modules/TelemetrySend.sys.mjs:863:17
setup@resource://gre/modules/TelemetrySend.sys.mjs:803:18
setup@resource://gre/modules/TelemetrySend.sys.mjs:241:30
setupTelemetry/this._delayedInitTask<@resource://gre/modules/TelemetryControllerParent.sys.mjs:829:36
observe@resource://gre/modules/AsyncShutdown.sys.mjs:576:16

WARNING: Error: Phase "profile-before-change" is finished, it is too late to register completion condition "OS.File: flush I/O queued before profileBeforeChange"
WARNING: addBlocker@resource://gre/modules/AsyncShutdown.sys.mjs:727:15
addBlocker@resource://gre/modules/AsyncShutdown.sys.mjs:523:26
addBlocker@resource://gre/modules/AsyncShutdown.sys.mjs:458:15
setupShutdown@resource://gre/modules/osfile/osfile_async_front.jsm:1548:28
@resource://gre/modules/osfile/osfile_async_front.jsm:1568:16
@resource://gre/modules/osfile.jsm:12:30
@resource://gre/modules/TelemetryStorage.sys.mjs:10:28
_checkPendingPings@resource://gre/modules/TelemetrySend.sys.mjs:863:17
setup@resource://gre/modules/TelemetrySend.sys.mjs:803:18
setup@resource://gre/modules/TelemetrySend.sys.mjs:241:30
setupTelemetry/this._delayedInitTask<@resource://gre/modules/TelemetryControllerParent.sys.mjs:829:36
observe@resource://gre/modules/AsyncShutdown.sys.mjs:576:16

JavaScript error: resource://gre/modules/AsyncShutdown.sys.mjs, line 727: Error: Phase "profile-before-change" is finished, it is too late to register completion condition "OS.File: flush I/O queued before profileBeforeChange"
JavaScript error: resource://gre/modules/AsyncShutdown.sys.mjs, line 727: Error: Phase "profile-before-change" is finished, it is too late to register completion condition "OS.File: flush I/O queued before profileBeforeChange"
JavaScript error: resource://gre/modules/AsyncShutdown.sys.mjs, line 727: Error: Phase "profile-before-change" is finished, it is too late to register completion condition "OS.File: flush I/O queued before profileBeforeChange"
JavaScript error: resource://gre/modules/AsyncShutdown.sys.mjs, line 727: Error: Phase "profile-before-change" is finished, it is too late to register completion condition "OS.File: flush I/O queued before profileBeforeChange"
JavaScript error: resource://gre/modules/AsyncShutdown.sys.mjs, line 727: Error: Phase "profile-before-change" is finished, it is too late to register completion condition "OS.File: flush I/O queued before profileBeforeChange"
JavaScript error: resource://gre/modules/AsyncShutdown.sys.mjs, line 727: Error: Phase "profile-before-change" is finished, it is too late to register completion condition "OS.File: flush I/O queued before profileBeforeChange"
1678765685960	geckodriver	INFO	Listening on 127.0.0.1:50482
1678765688968	mozrunner::runner	INFO	Running command: "C:\\Program Files\\Mozilla Firefox\\firefox.exe" "--marionette" "--remote-debugging-port" "50483" "--remote-allow-hosts" "localhost" "-no-remote" "-profile" "C:\\Users\\Errol\\AppData\\Local\\Temp\\rust_mozprofileXBmWNo"
console.warn: services.settings: Ignoring preference override of remote settings server
console.warn: services.settings: Allow by setting MOZ_REMOTE_SETTINGS_DEVTOOLS=1 in the environment
1678765689390	Marionette	INFO	Marionette enabled
Dynamically enable window occlusion 0
1678765689396	Marionette	INFO	Listening on port 50490
Read port: 50490
WebDriver BiDi listening on ws://127.0.0.1:50483
1678765689567	RemoteAgent	WARN	TLS certificate errors will be ignored for this session
console.warn: SearchSettings: "get: No settings file exists, new profile?" (new NotFoundError("Could not open the file at C:\\Users\\Errol\\AppData\\Local\\Temp\\rust_mozprofileXBmWNo\\search.json.mozlz4", (void 0)))
DevTools listening on ws://127.0.0.1:50483/devtools/browser/23bef0c1-02e2-4f1f-beba-d4240e2b7b2a
JavaScript error: , line 0: NotFoundError: No such JSWindowActor 'DevToolsFrame'
console.warn: LoginRecipes: "Falling back to a synchronous message for: https://docs.google.com."
JavaScript error: , line 0: NS_ERROR_NOT_AVAILABLE
JavaScript error: resource://gre/modules/AsyncShutdown.sys.mjs, line 576: NotFoundError: No such JSWindowActor 'DevToolsFrame'
1678769180075	Marionette	INFO	Stopped listening on port 50490
Dynamically enable window occlusion 1
\\Errol\\AppData\\Local\\Temp\\rust_mozprofileuGXLOD"
console.warn: services.settings: Ignoring preference override of remote settings server
console.warn: services.settings: Allow by setting MOZ_REMOTE_SETTINGS_DEVTOOLS=1 in the environment
1678765892108	Marionette	INFO	Marionette enabled
Dynamically enable window occlusion 0
1678765892113	Marionette	INFO	Listening on port 50556
Read port: 50556
WebDriver BiDi listening on ws://127.0.0.1:50549
1678765892229	RemoteAgent	WARN	TLS certificate errors will be ignored for this session
console.warn: SearchSettings: "get: No settings file exists, new profile?" (new NotFoundError("Could not open the file at C:\\Users\\Errol\\AppData\\Local\\Temp\\rust_mozprofileuGXLOD\\search.json.mozlz4", (void 0)))
DevTools listening on ws://127.0.0.1:50549/devtools/browser/eee61d7d-031f-4e83-8c97-34422b15c508
console.warn: LoginRecipes: "Falling back to a synchronous message for: https://docs.google.com."
console.warn: LoginRecipes: "Falling back to a synchronous message for: https://docs.google.com."
console.warn: LoginRecipes: "Falling back to a synchronous message for: https://docs.google.com."
console.warn: LoginRecipes: "Falling back to a synchronous message for: https://docs.google.com."
console.warn: LoginRecipes: "Falling back to a synchronous message for: https://docs.google.com."
console.warn: LoginRecipes: "Falling back to a synchronous message for: https://docs.google.com."
console.warn: LoginRecipes: "Falling back to a synchronous message for: https://docs.google.com."
console.warn: LoginRecipes: "Falling back to a synchronous message for: https://docs.google.com."
console.warn: LoginRecipes: "Falling back to a synchronous message for: https://docs.google.com."
console.warn: LoginRecipes: "Falling back to a synchronous message for: https://docs.google.com."
console.warn: LoginRecipes: "Falling back to a synchronous message for: https://docs.google.com."
console.warn: LoginRecipes: "Falling back to a synchronous message for: https://docs.google.com."
console.warn: LoginRecipes: "Falling back to a synchronous message for: https://docs.google.com."
console.warn: LoginRecipes: "Falling back to a synchronous message for: https://docs.google.com."
console.warn: LoginRecipes: "Falling back to a synchronous message for: https://docs.google.com."
console.warn: LoginRecipes: "Falling back to a synchronous message for: https://docs.google.com."
console.warn: LoginRecipes: "Falling back to a synchronous message for: https://docs.google.com."
console.warn: LoginRecipes: "Falling back to a synchronous message for: https://docs.google.com."
console.warn: LoginRecipes: "Falling back to a synchronous message for: https://docs.google.com."
console.warn: LoginRecipes: "Falling back to a synchronous message for: https://docs.google.com."
console.warn: LoginRecipes: "Falling back to a synchronous message for: https://docs.google.com."
console.warn: LoginRecipes: "Falling back to a synchronous message for: https://docs.google.com."
console.warn: LoginRecipes: "Falling back to a synchronous message for: https://docs.google.com."
console.warn: LoginRecipes: "Falling back to a synchronous message for: https://docs.google.com."
console.warn: LoginRecipes: "Falling back to a synchronous message for: https://docs.google.com."
console.warn: LoginRecipes: "Falling back to a synchronous message for: https://docs.google.com."
console.warn: LoginRecipes: "Falling back to a synchronous message for: https://docs.google.com."
console.warn: LoginRecipes: "Falling back to a synchronous message for: https://docs.google.com."
console.warn: LoginRecipes: "Falling back to a synchronous message for: https://docs.google.com."
console.warn: LoginRecipes: "Falling back to a synchronous message for: https://docs.google.com."
console.warn: LoginRecipes: "Falling back to a synchronous message for: https://docs.google.com."
console.warn: LoginRecipes: "Falling back to a synchronous message for: https://docs.google.com."
console.warn: LoginRecipes: "Falling back to a synchronous message for: https://docs.google.com."
console.warn: LoginRecipes: "Falling back to a synchronous message for: https://docs.google.com."
console.warn: LoginRecipes: "Falling back to a synchronous message for: https://docs.google.com."
console.warn: LoginRecipes: "Falling back to a synchronous message for: https://docs.google.com."
console.warn: LoginRecipes: "Falling back to a synchronous message for: https://docs.google.com."
console.warn: LoginRecipes: "Falling back to a synchronous message for: https://docs.google.com."
console.warn: LoginRecipes: "Falling back to a synchronous message for: https://docs.google.com."
console.warn: LoginRecipes: "Falling back to a synchronous message for: https://docs.google.com."
console.warn: LoginRecipes: "Falling back to a synchronous message for: https://docs.google.com."
console.warn: LoginRecipes: "Falling back to a synchronous message for: https://docs.google.com."
console.warn: LoginRecipes: "Falling back to a synchronous message for: https://docs.google.com."
console.warn: LoginRecipes: "Falling back to a synchronous message for: https://docs.google.com."
console.warn: LoginRecipes: "Falling back to a synchronous message for: https://docs.google.com."
console.warn: LoginRecipes: "Falling back to a synchronous message for: https://docs.google.com."
console.warn: LoginRecipes: "Falling back to a synchronous message for: https://docs.google.com."
console.warn: LoginRecipes: "Falling back to a synchronous message for: https://docs.google.com."
console.warn: LoginRecipes: "Falling back to a synchronous message for: https://docs.google.com."
console.warn: LoginRecipes: "Falling back to a synchronous message for: https://docs.google.com."
console.warn: LoginRecipes: "Falling back to a synchronous message for: https://docs.google.com."
console.warn: LoginRecipes: "Falling back to a synchronous message for: https://docs.google.com."
console.warn: LoginRecipes: "Falling back to a synchronous message for: https://docs.google.com."
console.warn: LoginRecipes: "Falling back to a synchronous message for: https://docs.google.com."
console.warn: LoginRecipes: "Falling back to a synchronous message for: https://docs.google.com."
console.warn: LoginRecipes: "Falling back to a synchronous message for: https://docs.google.com."
console.warn: LoginRecipes: "Falling back to a synchronous message for: https://docs.google.com."
console.warn: LoginRecipes: "Falling back to a synchronous message for: https://docs.google.com."
console.warn: LoginRecipes: "Falling back to a synchronous message for: https://docs.google.com."
console.warn: LoginRecipes: "Falling back to a synchronous message for: https://docs.google.com."
console.warn: LoginRecipes: "Falling back to a synchronous message for: https://docs.google.com."
console.warn: LoginRecipes: "Falling back to a synchronous message for: https://docs.google.com."
console.warn: LoginRecipes: "Falling back to a synchronous message for: https://docs.google.com."
console.warn: LoginRecipes: "Falling back to a synchronous message for: https://docs.google.com."
console.warn: LoginRecipes: "Falling back to a synchronous message for: https://docs.google.com."
console.warn: LoginRecipes: "Falling back to a synchronous message for: https://docs.google.com."
console.warn: LoginRecipes: "Falling back to a synchronous message for: https://docs.google.com."
console.warn: LoginRecipes: "Falling back to a synchronous message for: https://docs.google.com."
console.warn: LoginRecipes: "Falling back to a synchronous message for: https://docs.google.com."
console.warn: LoginRecipes: "Falling back to a synchronous message for: https://docs.google.com."
console.warn: LoginRecipes: "Falling back to a synchronous message for: https://docs.google.com."
console.warn: LoginRecipes: "Falling back to a synchronous message for: https://docs.google.com."
console.warn: LoginRecipes: "Falling back to a synchronous message for: https://docs.google.com."
console.warn: LoginRecipes: "Falling back to a synchronous message for: https://docs.google.com."
console.warn: LoginRecipes: "Falling back to a synchronous message for: https://docs.google.com."
console.warn: LoginRecipes: "Falling back to a synchronous message for: https://docs.google.com."
console.warn: LoginRecipes: "Falling back to a synchronous message for: https://docs.google.com."
console.warn: LoginRecipes: "Falling back to a synchronous message for: https://docs.google.com."
console.warn: LoginRecipes: "Falling back to a synchronous message for: https://docs.google.com."
console.warn: LoginRecipes: "Falling back to a synchronous message for: https://docs.google.com."
console.warn: LoginRecipes: "Falling back to a synchronous message for: https://docs.google.com."
console.warn: LoginRecipes: "Falling back to a synchronous message for: https://docs.google.com."
console.warn: LoginRecipes: "Falling back to a synchronous message for: https://docs.google.com."
console.warn: LoginRecipes: "Falling back to a synchronous message for: https://docs.google.com."
console.warn: LoginRecipes: "Falling back to a synchronous message for: https://docs.google.com."
console.warn: LoginRecipes: "Falling back to a synchronous message for: https://docs.google.com."
console.warn: LoginRecipes: "Falling back to a synchronous message for: https://docs.google.com."
console.warn: LoginRecipes: "Falling back to a synchronous message for: https://docs.google.com."
console.warn: LoginRecipes: "Falling back to a synchronous message for: https://docs.google.com."
console.warn: LoginRecipes: "Falling back to a synchronous message for: https://docs.google.com."
console.warn: LoginRecipes: "Falling back to a synchronous message for: https://docs.google.com."
console.warn: LoginRecipes: "Falling back to a synchronous message for: https://docs.google.com."
console.warn: LoginRecipes: "Falling back to a synchronous message for: https://docs.google.com."
console.warn: LoginRecipes: "Falling back to a synchronous message for: https://docs.google.com."
console.warn: LoginRecipes: "Falling back to a synchronous message for: https://docs.google.com."
console.warn: LoginRecipes: "Falling back to a synchronous message for: https://docs.google.com."
console.warn: LoginRecipes: "Falling back to a synchronous message for: https://docs.google.com."
console.warn: LoginRecipes: "Falling back to a synchronous message for: https://docs.google.com."
console.warn: LoginRecipes: "Falling back to a synchronous message for: https://docs.google.com."
console.warn: LoginRecipes: "Falling back to a synchronous message for: https://docs.google.com."
console.warn: LoginRecipes: "Falling back to a synchronous message for: https://docs.google.com."
console.warn: LoginRecipes: "Falling back to a synchronous message for: https://docs.google.com."
console.warn: LoginRecipes: "Falling back to a synchronous message for: https://docs.google.com."
console.warn: LoginRecipes: "Falling back to a synchronous message for: https://docs.google.com."
console.warn: LoginRecipes: "Falling back to a synchronous message for: https://docs.google.com."
console.warn: LoginRecipes: "Falling back to a synchronous message for: https://docs.google.com."
console.warn: LoginRecipes: "Falling back to a synchronous message for: https://docs.google.com."
console.warn: LoginRecipes: "Falling back to a synchronous message for: https://docs.google.com."
console.warn: LoginRecipes: "Falling back to a synchronous message for: https://docs.google.com."
console.warn: LoginRecipes: "Falling back to a synchronous message for: https://docs.google.com."
console.warn: LoginRecipes: "Falling back to a synchronous message for: https://docs.google.com."
console.warn: LoginRecipes: "Falling back to a synchronous message for: https://docs.google.com."
console.warn: LoginRecipes: "Falling back to a synchronous message for: https://docs.google.com."
console.warn: LoginRecipes: "Falling back to a synchronous message for: https://docs.google.com."
console.warn: LoginRecipes: "Falling back to a synchronous message for: https://docs.google.com."
console.warn: LoginRecipes: "Falling back to a synchronous message for: https://docs.google.com."
console.warn: LoginRecipes: "Falling back to a synchronous message for: https://docs.google.com."
console.warn: LoginRecipes: "Falling back to a synchronous message for: https://docs.google.com."
console.warn: LoginRecipes: "Falling back to a synchronous message for: https://docs.google.com."
console.warn: LoginRecipes: "Falling back to a synchronous message for: https://docs.google.com."
console.warn: LoginRecipes: "Falling back to a synchronous message for: https://docs.google.com."
console.warn: LoginRecipes: "Falling back to a synchronous message for: https://docs.google.com."
console.warn: LoginRecipes: "Falling back to a synchronous message for: https://docs.google.com."
console.warn: LoginRecipes: "Falling back to a synchronous message for: https://docs.google.com."
console.warn: LoginRecipes: "Falling back to a synchronous message for: https://docs.google.com."
console.warn: LoginRecipes: "Falling back to a synchronous message for: https://docs.google.com."
console.warn: LoginRecipes: "Falling back to a synchronous message for: https://docs.google.com."
console.warn: LoginRecipes: "Falling back to a synchronous message for: https://docs.google.com."
console.warn: LoginRecipes: "Falling back to a synchronous message for: https://docs.google.com."
console.warn: LoginRecipes: "Falling back to a synchronous message for: https://docs.google.com."
console.warn: LoginRecipes: "Falling back to a synchronous message for: https://docs.google.com."
console.warn: LoginRecipes: "Falling back to a synchronous message for: https://docs.google.com."
console.warn: LoginRecipes: "Falling back to a synchronous message for: https://docs.google.com."
console.warn: LoginRecipes: "Falling back to a synchronous message for: https://docs.google.com."
console.warn: LoginRecipes: "Falling back to a synchronous message for: https://docs.google.com."
console.warn: LoginRecipes: "Falling back to a synchronous message for: https://docs.google.com."
console.warn: LoginRecipes: "Falling back to a synchronous message for: https://docs.google.com."
console.warn: LoginRecipes: "Falling back to a synchronous message for: https://docs.google.com."
console.warn: LoginRecipes: "Falling back to a synchronous message for: https://docs.google.com."
console.warn: LoginRecipes: "Falling back to a synchronous message for: https://docs.google.com."
console.warn: LoginRecipes: "Falling back to a synchronous message for: https://docs.google.com."
console.warn: LoginRecipes: "Falling back to a synchronous message for: https://docs.google.com."
console.warn: LoginRecipes: "Falling back to a synchronous message for: https://docs.google.com."
console.warn: LoginRecipes: "Falling back to a synchronous message for: https://docs.google.com."
console.warn: LoginRecipes: "Falling back to a synchronous message for: https://docs.google.com."
console.warn: LoginRecipes: "Falling back to a synchronous message for: https://docs.google.com."
console.warn: LoginRecipes: "Falling back to a synchronous message for: https://docs.google.com."
console.warn: LoginRecipes: "Falling back to a synchronous message for: https://docs.google.com."
console.warn: LoginRecipes: "Falling back to a synchronous message for: https://docs.google.com."
console.warn: LoginRecipes: "Falling back to a synchronous message for: https://docs.google.com."
console.warn: LoginRecipes: "Falling back to a synchronous message for: https://docs.google.com."
console.warn: LoginRecipes: "Falling back to a synchronous message for: https://docs.google.com."
console.warn: LoginRecipes: "Falling back to a synchronous message for: https://docs.google.com."
console.warn: LoginRecipes: "Falling back to a synchronous message for: https://docs.google.com."
console.warn: LoginRecipes: "Falling back to a synchronous message for: https://docs.google.com."
console.warn: LoginRecipes: "Falling back to a synchronous message for: https://docs.google.com."
console.warn: LoginRecipes: "Falling back to a synchronous message for: https://docs.google.com."
console.warn: LoginRecipes: "Falling back to a synchronous message for: https://docs.google.com."
console.warn: LoginRecipes: "Falling back to a synchronous message for: https://docs.google.com."
console.warn: LoginRecipes: "Falling back to a synchronous message for: https://docs.google.com."
console.warn: LoginRecipes: "Falling back to a synchronous message for: https://docs.google.com."
console.warn: LoginRecipes: "Falling back to a synchronous message for: https://docs.google.com."
console.warn: LoginRecipes: "Falling back to a synchronous message for: https://docs.google.com."
console.warn: LoginRecipes: "Falling back to a synchronous message for: https://docs.google.com."
console.warn: LoginRecipes: "Falling back to a synchronous message for: https://docs.google.com."
console.warn: LoginRecipes: "Falling back to a synchronous message for: https://docs.google.com."
console.warn: LoginRecipes: "Falling back to a synchronous message for: https://docs.google.com."
console.warn: LoginRecipes: "Falling back to a synchronous message for: https://docs.google.com."
console.warn: LoginRecipes: "Falling back to a synchronous message for: https://docs.google.com."
console.warn: LoginRecipes: "Falling back to a synchronous message for: https://docs.google.com."
console.warn: LoginRecipes: "Falling back to a synchronous message for: https://docs.google.com."
console.warn: LoginRecipes: "Falling back to a synchronous message for: https://docs.google.com."
console.warn: LoginRecipes: "Falling back to a synchronous message for: https://docs.google.com."
console.warn: LoginRecipes: "Falling back to a synchronous message for: https://docs.google.com."
console.warn: LoginRecipes: "Falling back to a synchronous message for: https://docs.google.com."
console.warn: LoginRecipes: "Falling back to a synchronous message for: https://docs.google.com."
console.warn: LoginRecipes: "Falling back to a synchronous message for: https://docs.google.com."
console.warn: LoginRecipes: "Falling back to a synchronous message for: https://docs.google.com."
console.warn: LoginRecipes: "Falling back to a synchronous message for: https://docs.google.com."
console.warn: LoginRecipes: "Falling back to a synchronous message for: https://docs.google.com."
console.warn: LoginRecipes: "Falling back to a synchronous message for: https://docs.google.com."
console.warn: LoginRecipes: "Falling back to a synchronous message for: https://docs.google.com."
console.warn: LoginRecipes: "Falling back to a synchronous message for: https://docs.google.com."
console.warn: LoginRecipes: "Falling back to a synchronous message for: https://docs.google.com."
console.warn: LoginRecipes: "Falling back to a synchronous message for: https://docs.google.com."
console.warn: LoginRecipes: "Falling back to a synchronous message for: https://docs.google.com."
console.warn: LoginRecipes: "Falling back to a synchronous message for: https://docs.google.com."
console.warn: LoginRecipes: "Falling back to a synchronous message for: https://docs.google.com."
console.warn: LoginRecipes: "Falling back to a synchronous message for: https://docs.google.com."
console.warn: LoginRecipes: "Falling back to a synchronous message for: https://docs.google.com."
console.warn: LoginRecipes: "Falling back to a synchronous message for: https://docs.google.com."
console.warn: LoginRecipes: "Falling back to a synchronous message for: https://docs.google.com."
console.warn: LoginRecipes: "Falling back to a synchronous message for: https://docs.google.com."
console.warn: LoginRecipes: "Falling back to a synchronous message for: https://docs.google.com."
console.warn: LoginRecipes: "Falling back to a synchronous message for: https://docs.google.com."
console.warn: LoginRecipes: "Falling back to a synchronous message for: https://docs.google.com."
console.warn: LoginRecipes: "Falling back to a synchronous message for: https://docs.google.com."
console.warn: LoginRecipes: "Falling back to a synchronous message for: https://docs.google.com."
console.warn: LoginRecipes: "Falling back to a synchronous message for: https://docs.google.com."
console.warn: LoginRecipes: "Falling back to a synchronous message for: https://docs.google.com."
console.warn: LoginRecipes: "Falling back to a synchronous message for: https://docs.google.com."
console.warn: LoginRecipes: "Falling back to a synchronous message for: https://docs.google.com."
console.warn: LoginRecipes: "Falling back to a synchronous message for: https://docs.google.com."
console.warn: LoginRecipes: "Falling back to a synchronous message for: https://docs.google.com."
console.warn: LoginRecipes: "Falling back to a synchronous message for: https://docs.google.com."
console.warn: LoginRecipes: "Falling back to a synchronous message for: https://docs.google.com."
console.warn: LoginRecipes: "Falling back to a synchronous message for: https://docs.google.com."
console.warn: LoginRecipes: "Falling back to a synchronous message for: https://docs.google.com."
console.warn: LoginRecipes: "Falling back to a synchronous message for: https://docs.google.com."
console.warn: LoginRecipes: "Falling back to a synchronous message for: https://docs.google.com."
console.warn: LoginRecipes: "Falling back to a synchronous message for: https://docs.google.com."
console.warn: LoginRecipes: "Falling back to a synchronous message for: https://docs.google.com."
console.warn: LoginRecipes: "Falling back to a synchronous message for: https://docs.google.com."
console.warn: LoginRecipes: "Falling back to a synchronous message for: https://docs.google.com."
console.warn: LoginRecipes: "Falling back to a synchronous message for: https://docs.google.com."
console.warn: LoginRecipes: "Falling back to a synchronous message for: https://docs.google.com."
console.warn: LoginRecipes: "Falling back to a synchronous message for: https://docs.google.com."
console.warn: LoginRecipes: "Falling back to a synchronous message for: https://docs.google.com."
console.warn: LoginRecipes: "Falling back to a synchronous message for: https://docs.google.com."
console.warn: LoginRecipes: "Falling back to a synchronous message for: https://docs.google.com."
console.warn: LoginRecipes: "Falling back to a synchronous message for: https://docs.google.com."
console.warn: LoginRecipes: "Falling back to a synchronous message for: https://docs.google.com."
console.warn: LoginRecipes: "Falling back to a synchronous message for: https://docs.google.com."
console.warn: LoginRecipes: "Falling back to a synchronous message for: https://docs.google.com."
console.warn: LoginRecipes: "Falling back to a synchronous message for: https://docs.google.com."
console.warn: LoginRecipes: "Falling back to a synchronous message for: https://docs.google.com."
console.warn: LoginRecipes: "Falling back to a synchronous message for: https://docs.google.com."
console.warn: LoginRecipes: "Falling back to a synchronous message for: https://docs.google.com."
console.warn: LoginRecipes: "Falling back to a synchronous message for: https://docs.google.com."
console.warn: LoginRecipes: "Falling back to a synchronous message for: https://docs.google.com."
console.warn: LoginRecipes: "Falling back to a synchronous message for: https://docs.google.com."
console.warn: LoginRecipes: "Falling back to a synchronous message for: https://docs.google.com."
console.warn: LoginRecipes: "Falling back to a synchronous message for: https://docs.google.com."
console.warn: LoginRecipes: "Falling back to a synchronous message for: https://docs.google.com."
console.warn: LoginRecipes: "Falling back to a synchronous message for: https://docs.google.com."
console.warn: LoginRecipes: "Falling back to a synchronous message for: https://docs.google.com."
console.warn: LoginRecipes: "Falling back to a synchronous message for: https://docs.google.com."
console.warn: LoginRecipes: "Falling back to a synchronous message for: https://docs.google.com."
console.warn: LoginRecipes: "Falling back to a synchronous message for: https://docs.google.com."
console.warn: LoginRecipes: "Falling back to a synchronous message for: https://docs.google.com."
console.warn: LoginRecipes: "Falling back to a synchronous message for: https://docs.google.com."
console.warn: LoginRecipes: "Falling back to a synchronous message for: https://docs.google.com."
console.warn: LoginRecipes: "Falling back to a synchronous message for: https://docs.google.com."
console.warn: LoginRecipes: "Falling back to a synchronous message for: https://docs.google.com."
console.warn: LoginRecipes: "Falling back to a synchronous message for: https://docs.google.com."
console.warn: LoginRecipes: "Falling back to a synchronous message for: https://docs.google.com."
JavaScript error: , line 0: NS_ERROR_NOT_AVAILABLE
console.warn: LoginRecipes: "Falling back to a synchronous message for: https://docs.google.com."
console.warn: LoginRecipes: "Falling back to a synchronous message for: https://docs.google.com."
console.warn: LoginRecipes: "Falling back to a synchronous message for: https://docs.google.com."
console.warn: LoginRecipes: "Falling back to a synchronous message for: https://docs.google.com."
console.warn: LoginRecipes: "Falling back to a synchronous message for: https://docs.google.com."
console.warn: LoginRecipes: "Falling back to a synchronous message for: https://docs.google.com."
console.warn: LoginRecipes: "Falling back to a synchronous message for: https://docs.google.com."
console.warn: LoginRecipes: "Falling back to a synchronous message for: https://docs.google.com."
console.warn: LoginRecipes: "Falling back to a synchronous message for: https://docs.google.com."
console.warn: LoginRecipes: "Falling back to a synchronous message for: https://docs.google.com."
console.warn: LoginRecipes: "Falling back to a synchronous message for: https://docs.google.com."
console.warn: LoginRecipes: "Falling back to a synchronous message for: https://docs.google.com."
console.warn: LoginRecipes: "Falling back to a synchronous message for: https://docs.google.com."
console.warn: LoginRecipes: "Falling back to a synchronous message for: https://docs.google.com."
console.warn: LoginRecipes: "Falling back to a synchronous message for: https://docs.google.com."
console.warn: LoginRecipes: "Falling back to a synchronous message for: https://docs.google.com."
console.warn: LoginRecipes: "Falling back to a synchronous message for: https://docs.google.com."
console.warn: LoginRecipes: "Falling back to a synchronous message for: https://docs.google.com."
console.warn: LoginRecipes: "Falling back to a synchronous message for: https://docs.google.com."
console.warn: LoginRecipes: "Falling back to a synchronous message for: https://docs.google.com."
console.warn: LoginRecipes: "Falling back to a synchronous message for: https://docs.google.com."
console.warn: LoginRecipes: "Falling back to a synchronous message for: https://docs.google.com."
console.warn: LoginRecipes: "Falling back to a synchronous message for: https://docs.google.com."
console.warn: LoginRecipes: "Falling back to a synchronous message for: https://docs.google.com."
console.warn: LoginRecipes: "Falling back to a synchronous message for: https://docs.google.com."
console.warn: LoginRecipes: "Falling back to a synchronous message for: https://docs.google.com."
console.warn: LoginRecipes: "Falling back to a synchronous message for: https://docs.google.com."
console.warn: LoginRecipes: "Falling back to a synchronous message for: https://docs.google.com."
console.warn: LoginRecipes: "Falling back to a synchronous message for: https://docs.google.com."
console.warn: LoginRecipes: "Falling back to a synchronous message for: https://docs.google.com."
console.warn: LoginRecipes: "Falling back to a synchronous message for: https://docs.google.com."
console.warn: LoginRecipes: "Falling back to a synchronous message for: https://docs.google.com."
console.warn: LoginRecipes: "Falling back to a synchronous message for: https://docs.google.com."
console.warn: LoginRecipes: "Falling back to a synchronous message for: https://docs.google.com."
console.warn: LoginRecipes: "Falling back to a synchronous message for: https://docs.google.com."
console.warn: LoginRecipes: "Falling back to a synchronous message for: https://docs.google.com."
console.warn: LoginRecipes: "Falling back to a synchronous message for: https://docs.google.com."
console.warn: LoginRecipes: "Falling back to a synchronous message for: https://docs.google.com."
console.warn: LoginRecipes: "Falling back to a synchronous message for: https://docs.google.com."
console.warn: LoginRecipes: "Falling back to a synchronous message for: https://docs.google.com."
console.warn: LoginRecipes: "Falling back to a synchronous message for: https://docs.google.com."
console.warn: LoginRecipes: "Falling back to a synchronous message for: https://docs.google.com."
console.warn: LoginRecipes: "Falling back to a synchronous message for: https://docs.google.com."
console.warn: LoginRecipes: "Falling back to a synchronous message for: https://docs.google.com."
console.warn: LoginRecipes: "Falling back to a synchronous message for: https://docs.google.com."
console.warn: LoginRecipes: "Falling back to a synchronous message for: https://docs.google.com."
console.warn: LoginRecipes: "Falling back to a synchronous message for: https://docs.google.com."
console.warn: LoginRecipes: "Falling back to a synchronous message for: https://docs.google.com."
console.warn: LoginRecipes: "Falling back to a synchronous message for: https://docs.google.com."
console.warn: LoginRecipes: "Falling back to a synchronous message for: https://docs.google.com."
console.warn: LoginRecipes: "Falling back to a synchronous message for: https://docs.google.com."
console.warn: LoginRecipes: "Falling back to a synchronous message for: https://docs.google.com."
console.warn: LoginRecipes: "Falling back to a synchronous message for: https://docs.google.com."
console.warn: LoginRecipes: "Falling back to a synchronous message for: https://docs.google.com."
console.warn: LoginRecipes: "Falling back to a synchronous message for: https://docs.google.com."
console.warn: LoginRecipes: "Falling back to a synchronous message for: https://docs.google.com."
console.warn: LoginRecipes: "Falling back to a synchronous message for: https://docs.google.com."
console.warn: LoginRecipes: "Falling back to a synchronous message for: https://docs.google.com."
console.warn: LoginRecipes: "Falling back to a synchronous message for: https://docs.google.com."
console.warn: LoginRecipes: "Falling back to a synchronous message for: https://docs.google.com."
console.warn: LoginRecipes: "Falling back to a synchronous message for: https://docs.google.com."
console.warn: LoginRecipes: "Falling back to a synchronous message for: https://docs.google.com."
console.warn: LoginRecipes: "Falling back to a synchronous message for: https://docs.google.com."
console.warn: LoginRecipes: "Falling back to a synchronous message for: https://docs.google.com."
console.warn: LoginRecipes: "Falling back to a synchronous message for: https://docs.google.com."
console.warn: LoginRecipes: "Falling back to a synchronous message for: https://docs.google.com."
console.warn: LoginRecipes: "Falling back to a synchronous message for: https://docs.google.com."
console.warn: LoginRecipes: "Falling back to a synchronous message for: https://docs.google.com."
console.warn: LoginRecipes: "Falling back to a synchronous message for: https://docs.google.com."
console.warn: LoginRecipes: "Falling back to a synchronous message for: https://docs.google.com."
console.warn: LoginRecipes: "Falling back to a synchronous message for: https://docs.google.com."
console.warn: LoginRecipes: "Falling back to a synchronous message for: https://docs.google.com."
console.warn: LoginRecipes: "Falling back to a synchronous message for: https://docs.google.com."
console.warn: LoginRecipes: "Falling back to a synchronous message for: https://docs.google.com."
console.warn: LoginRecipes: "Falling back to a synchronous message for: https://docs.google.com."
console.warn: LoginRecipes: "Falling back to a synchronous message for: https://docs.google.com."
console.warn: LoginRecipes: "Falling back to a synchronous message for: https://docs.google.com."
console.warn: LoginRecipes: "Falling back to a synchronous message for: https://docs.google.com."
console.warn: LoginRecipes: "Falling back to a synchronous message for: https://docs.google.com."
console.warn: LoginRecipes: "Falling back to a synchronous message for: https://docs.google.com."
console.warn: LoginRecipes: "Falling back to a synchronous message for: https://docs.google.com."
console.warn: LoginRecipes: "Falling back to a synchronous message for: https://docs.google.com."
console.warn: LoginRecipes: "Falling back to a synchronous message for: https://docs.google.com."
console.warn: LoginRecipes: "Falling back to a synchronous message for: https://docs.google.com."
console.warn: LoginRecipes: "Falling back to a synchronous message for: https://docs.google.com."
console.warn: LoginRecipes: "Falling back to a synchronous message for: https://docs.google.com."
console.warn: LoginRecipes: "Falling back to a synchronous message for: https://docs.google.com."
console.warn: LoginRecipes: "Falling back to a synchronous message for: https://docs.google.com."
console.warn: LoginRecipes: "Falling back to a synchronous message for: https://docs.google.com."
console.warn: LoginRecipes: "Falling back to a synchronous message for: https://docs.google.com."
console.warn: LoginRecipes: "Falling back to a synchronous message for: https://docs.google.com."
console.warn: LoginRecipes: "Falling back to a synchronous message for: https://docs.google.com."
console.warn: LoginRecipes: "Falling back to a synchronous message for: https://docs.google.com."
console.warn: LoginRecipes: "Falling back to a synchronous message for: https://docs.google.com."
console.warn: LoginRecipes: "Falling back to a synchronous message for: https://docs.google.com."
console.warn: LoginRecipes: "Falling back to a synchronous message for: https://docs.google.com."
console.warn: LoginRecipes: "Falling back to a synchronous message for: https://docs.google.com."
console.warn: LoginRecipes: "Falling back to a synchronous message for: https://docs.google.com."
console.warn: LoginRecipes: "Falling back to a synchronous message for: https://docs.google.com."
console.warn: LoginRecipes: "Falling back to a synchronous message for: https://docs.google.com."
console.warn: LoginRecipes: "Falling back to a synchronous message for: https://docs.google.com."
console.warn: LoginRecipes: "Falling back to a synchronous message for: https://docs.google.com."
console.warn: LoginRecipes: "Falling back to a synchronous message for: https://docs.google.com."
console.warn: LoginRecipes: "Falling back to a synchronous message for: https://docs.google.com."
console.warn: LoginRecipes: "Falling back to a synchronous message for: https://docs.google.com."
console.warn: LoginRecipes: "Falling back to a synchronous message for: https://docs.google.com."
console.warn: LoginRecipes: "Falling back to a synchronous message for: https://docs.google.com."
console.warn: LoginRecipes: "Falling back to a synchronous message for: https://docs.google.com."
console.warn: LoginRecipes: "Falling back to a synchronous message for: https://docs.google.com."
console.warn: LoginRecipes: "Falling back to a synchronous message for: https://docs.google.com."
console.warn: LoginRecipes: "Falling back to a synchronous message for: https://docs.google.com."
console.warn: LoginRecipes: "Falling back to a synchronous message for: https://docs.google.com."
console.warn: LoginRecipes: "Falling back to a synchronous message for: https://docs.google.com."
console.warn: LoginRecipes: "Falling back to a synchronous message for: https://docs.google.com."
1678769178886	Marionette	INFO	Stopped listening on port 50556
Dynamically enable window occlusion 1
